Performing C SOURCE FILE Test CMAKE_HAVE_LIBC_PTHREAD failed with the following output:
Change Dir: /home/lspss95207/ROS-Projects/hcc_ws/build/CMakeFiles/CMakeTmp

Run Build Command(s):/usr/bin/make cmTC_c0b4f/fast && /usr/bin/make -f CMakeFiles/cmTC_c0b4f.dir/build.make CMakeFiles/cmTC_c0b4f.dir/build
make[1]: Entering directory '/home/lspss95207/ROS-Projects/hcc_ws/build/CMakeFiles/CMakeTmp'
Building C object CMakeFiles/cmTC_c0b4f.dir/src.c.o
/usr/bin/cc   -DCMAKE_HAVE_LIBC_PTHREAD   -o CMakeFiles/cmTC_c0b4f.dir/src.c.o   -c /home/lspss95207/ROS-Projects/hcc_ws/build/CMakeFiles/CMakeTmp/src.c
Linking C executable cmTC_c0b4f
/usr/bin/cmake -E cmake_link_script CMakeFiles/cmTC_c0b4f.dir/link.txt --verbose=1
/usr/bin/cc  -DCMAKE_HAVE_LIBC_PTHREAD    -rdynamic CMakeFiles/cmTC_c0b4f.dir/src.c.o  -o cmTC_c0b4f 
/usr/bin/ld: CMakeFiles/cmTC_c0b4f.dir/src.c.o: in function `main':
src.c:(.text+0x46): undefined reference to `pthread_create'
/usr/bin/ld: src.c:(.text+0x52): undefined reference to `pthread_detach'
/usr/bin/ld: src.c:(.text+0x63): undefined reference to `pthread_join'
collect2: error: ld returned 1 exit status
make[1]: *** [CMakeFiles/cmTC_c0b4f.dir/build.make:87: cmTC_c0b4f] Error 1
make[1]: Leaving directory '/home/lspss95207/ROS-Projects/hcc_ws/build/CMakeFiles/CMakeTmp'
make: *** [Makefile:121: cmTC_c0b4f/fast] Error 2


Source file was:
#include <pthread.h>

void* test_func(void* data)
{
  return data;
}

int main(void)
{
  pthread_t thread;
  pthread_create(&thread, NULL, test_func, NULL);
  pthread_detach(thread);
  pthread_join(thread, NULL);
  pthread_atfork(NULL, NULL, NULL);
  pthread_exit(NULL);

  return 0;
}

Determining if the function pthread_create exists in the pthreads failed with the following output:
Change Dir: /home/lspss95207/ROS-Projects/hcc_ws/build/CMakeFiles/CMakeTmp

Run Build Command(s):/usr/bin/make cmTC_ddac1/fast && /usr/bin/make -f CMakeFiles/cmTC_ddac1.dir/build.make CMakeFiles/cmTC_ddac1.dir/build
make[1]: Entering directory '/home/lspss95207/ROS-Projects/hcc_ws/build/CMakeFiles/CMakeTmp'
Building C object CMakeFiles/cmTC_ddac1.dir/CheckFunctionExists.c.o
/usr/bin/cc   -DCHECK_FUNCTION_EXISTS=pthread_create   -o CMakeFiles/cmTC_ddac1.dir/CheckFunctionExists.c.o   -c /usr/share/cmake-3.16/Modules/CheckFunctionExists.c
Linking C executable cmTC_ddac1
/usr/bin/cmake -E cmake_link_script CMakeFiles/cmTC_ddac1.dir/link.txt --verbose=1
/usr/bin/cc  -DCHECK_FUNCTION_EXISTS=pthread_create    -rdynamic CMakeFiles/cmTC_ddac1.dir/CheckFunctionExists.c.o  -o cmTC_ddac1  -lpthreads 
/usr/bin/ld: cannot find -lpthreads
collect2: error: ld returned 1 exit status
make[1]: *** [CMakeFiles/cmTC_ddac1.dir/build.make:87: cmTC_ddac1] Error 1
make[1]: Leaving directory '/home/lspss95207/ROS-Projects/hcc_ws/build/CMakeFiles/CMakeTmp'
make: *** [Makefile:121: cmTC_ddac1/fast] Error 2



Determining if the pthread_create exist failed with the following output:
Change Dir: /home/locobot/ROS-Projects/hcc_ws/build/CMakeFiles/CMakeTmp

Run Build Command:"/usr/bin/make" "cmTC_6cea7/fast"
/usr/bin/make -f CMakeFiles/cmTC_6cea7.dir/build.make CMakeFiles/cmTC_6cea7.dir/build
make[1]: Entering directory '/home/locobot/ROS-Projects/hcc_ws/build/CMakeFiles/CMakeTmp'
Building C object CMakeFiles/cmTC_6cea7.dir/CheckSymbolExists.c.o
/usr/bin/cc     -o CMakeFiles/cmTC_6cea7.dir/CheckSymbolExists.c.o   -c /home/locobot/ROS-Projects/hcc_ws/build/CMakeFiles/CMakeTmp/CheckSymbolExists.c
Linking C executable cmTC_6cea7
/usr/bin/cmake -E cmake_link_script CMakeFiles/cmTC_6cea7.dir/link.txt --verbose=1
/usr/bin/cc       CMakeFiles/cmTC_6cea7.dir/CheckSymbolExists.c.o  -o cmTC_6cea7 -rdynamic 
CMakeFiles/cmTC_6cea7.dir/CheckSymbolExists.c.o: In function `main':
CheckSymbolExists.c:(.text+0x16): undefined reference to `pthread_create'
collect2: error: ld returned 1 exit status
CMakeFiles/cmTC_6cea7.dir/build.make:97: recipe for target 'cmTC_6cea7' failed
make[1]: *** [cmTC_6cea7] Error 1
make[1]: Leaving directory '/home/locobot/ROS-Projects/hcc_ws/build/CMakeFiles/CMakeTmp'
Makefile:126: recipe for target 'cmTC_6cea7/fast' failed
make: *** [cmTC_6cea7/fast] Error 2

File /home/locobot/ROS-Projects/hcc_ws/build/CMakeFiles/CMakeTmp/CheckSymbolExists.c:
/* */
#include <pthread.h>

int main(int argc, char** argv)
{
  (void)argv;
#ifndef pthread_create
  return ((int*)(&pthread_create))[argc];
#else
  (void)argc;
  return 0;
#endif
}

Determining if the function pthread_create exists in the pthreads failed with the following output:
Change Dir: /home/locobot/ROS-Projects/hcc_ws/build/CMakeFiles/CMakeTmp

Run Build Command:"/usr/bin/make" "cmTC_d1d28/fast"
/usr/bin/make -f CMakeFiles/cmTC_d1d28.dir/build.make CMakeFiles/cmTC_d1d28.dir/build
make[1]: Entering directory '/home/locobot/ROS-Projects/hcc_ws/build/CMakeFiles/CMakeTmp'
Building C object CMakeFiles/cmTC_d1d28.dir/CheckFunctionExists.c.o
/usr/bin/cc    -DCHECK_FUNCTION_EXISTS=pthread_create   -o CMakeFiles/cmTC_d1d28.dir/CheckFunctionExists.c.o   -c /usr/share/cmake-3.5/Modules/CheckFunctionExists.c
Linking C executable cmTC_d1d28
/usr/bin/cmake -E cmake_link_script CMakeFiles/cmTC_d1d28.dir/link.txt --verbose=1
/usr/bin/cc   -DCHECK_FUNCTION_EXISTS=pthread_create    CMakeFiles/cmTC_d1d28.dir/CheckFunctionExists.c.o  -o cmTC_d1d28 -rdynamic -lpthreads 
/usr/bin/ld: cannot find -lpthreads
collect2: error: ld returned 1 exit status
CMakeFiles/cmTC_d1d28.dir/build.make:97: recipe for target 'cmTC_d1d28' failed
make[1]: *** [cmTC_d1d28] Error 1
make[1]: Leaving directory '/home/locobot/ROS-Projects/hcc_ws/build/CMakeFiles/CMakeTmp'
Makefile:126: recipe for target 'cmTC_d1d28/fast' failed
make: *** [cmTC_d1d28/fast] Error 2


Performing C SOURCE FILE Test CMAKE_HAVE_LIBC_PTHREAD failed with the following output:
Change Dir: /home/lspss95207/ROS-Projects/hcc_ws/build/CMakeFiles/CMakeTmp

Run Build Command(s):/usr/bin/make cmTC_45ba6/fast && /usr/bin/make -f CMakeFiles/cmTC_45ba6.dir/build.make CMakeFiles/cmTC_45ba6.dir/build
make[1]: Entering directory '/home/lspss95207/ROS-Projects/hcc_ws/build/CMakeFiles/CMakeTmp'
Building C object CMakeFiles/cmTC_45ba6.dir/src.c.o
/usr/bin/cc   -DCMAKE_HAVE_LIBC_PTHREAD   -o CMakeFiles/cmTC_45ba6.dir/src.c.o   -c /home/lspss95207/ROS-Projects/hcc_ws/build/CMakeFiles/CMakeTmp/src.c
Linking C executable cmTC_45ba6
/usr/bin/cmake -E cmake_link_script CMakeFiles/cmTC_45ba6.dir/link.txt --verbose=1
/usr/bin/cc  -DCMAKE_HAVE_LIBC_PTHREAD    -rdynamic CMakeFiles/cmTC_45ba6.dir/src.c.o  -o cmTC_45ba6 
/usr/bin/ld: CMakeFiles/cmTC_45ba6.dir/src.c.o: in function `main':
src.c:(.text+0x46): undefined reference to `pthread_create'
/usr/bin/ld: src.c:(.text+0x52): undefined reference to `pthread_detach'
/usr/bin/ld: src.c:(.text+0x63): undefined reference to `pthread_join'
collect2: error: ld returned 1 exit status
make[1]: *** [CMakeFiles/cmTC_45ba6.dir/build.make:87: cmTC_45ba6] Error 1
make[1]: Leaving directory '/home/lspss95207/ROS-Projects/hcc_ws/build/CMakeFiles/CMakeTmp'
make: *** [Makefile:121: cmTC_45ba6/fast] Error 2


Source file was:
#include <pthread.h>

void* test_func(void* data)
{
  return data;
}

int main(void)
{
  pthread_t thread;
  pthread_create(&thread, NULL, test_func, NULL);
  pthread_detach(thread);
  pthread_join(thread, NULL);
  pthread_atfork(NULL, NULL, NULL);
  pthread_exit(NULL);

  return 0;
}

Determining if the function pthread_create exists in the pthreads failed with the following output:
Change Dir: /home/lspss95207/ROS-Projects/hcc_ws/build/CMakeFiles/CMakeTmp

Run Build Command(s):/usr/bin/make cmTC_40975/fast && /usr/bin/make -f CMakeFiles/cmTC_40975.dir/build.make CMakeFiles/cmTC_40975.dir/build
make[1]: Entering directory '/home/lspss95207/ROS-Projects/hcc_ws/build/CMakeFiles/CMakeTmp'
Building C object CMakeFiles/cmTC_40975.dir/CheckFunctionExists.c.o
/usr/bin/cc   -DCHECK_FUNCTION_EXISTS=pthread_create   -o CMakeFiles/cmTC_40975.dir/CheckFunctionExists.c.o   -c /usr/share/cmake-3.16/Modules/CheckFunctionExists.c
Linking C executable cmTC_40975
/usr/bin/cmake -E cmake_link_script CMakeFiles/cmTC_40975.dir/link.txt --verbose=1
/usr/bin/cc  -DCHECK_FUNCTION_EXISTS=pthread_create    -rdynamic CMakeFiles/cmTC_40975.dir/CheckFunctionExists.c.o  -o cmTC_40975  -lpthreads 
/usr/bin/ld: cannot find -lpthreads
collect2: error: ld returned 1 exit status
make[1]: *** [CMakeFiles/cmTC_40975.dir/build.make:87: cmTC_40975] Error 1
make[1]: Leaving directory '/home/lspss95207/ROS-Projects/hcc_ws/build/CMakeFiles/CMakeTmp'
make: *** [Makefile:121: cmTC_40975/fast] Error 2



Determining if the pthread_create exist failed with the following output:
Change Dir: /home/lspss95207/Ros-Projects/hcc_ws/build/CMakeFiles/CMakeTmp

Run Build Command:"/usr/bin/make" "cmTC_21409/fast"
/usr/bin/make -f CMakeFiles/cmTC_21409.dir/build.make CMakeFiles/cmTC_21409.dir/build
make[1]: Entering directory '/home/lspss95207/Ros-Projects/hcc_ws/build/CMakeFiles/CMakeTmp'
Building C object CMakeFiles/cmTC_21409.dir/CheckSymbolExists.c.o
/usr/bin/cc     -o CMakeFiles/cmTC_21409.dir/CheckSymbolExists.c.o   -c /home/lspss95207/Ros-Projects/hcc_ws/build/CMakeFiles/CMakeTmp/CheckSymbolExists.c
Linking C executable cmTC_21409
/usr/bin/cmake -E cmake_link_script CMakeFiles/cmTC_21409.dir/link.txt --verbose=1
/usr/bin/cc       CMakeFiles/cmTC_21409.dir/CheckSymbolExists.c.o  -o cmTC_21409 -rdynamic 
CMakeFiles/cmTC_21409.dir/CheckSymbolExists.c.o: In function `main':
CheckSymbolExists.c:(.text+0x1b): undefined reference to `pthread_create'
collect2: error: ld returned 1 exit status
CMakeFiles/cmTC_21409.dir/build.make:97: recipe for target 'cmTC_21409' failed
make[1]: *** [cmTC_21409] Error 1
make[1]: Leaving directory '/home/lspss95207/Ros-Projects/hcc_ws/build/CMakeFiles/CMakeTmp'
Makefile:126: recipe for target 'cmTC_21409/fast' failed
make: *** [cmTC_21409/fast] Error 2

File /home/lspss95207/Ros-Projects/hcc_ws/build/CMakeFiles/CMakeTmp/CheckSymbolExists.c:
/* */
#include <pthread.h>

int main(int argc, char** argv)
{
  (void)argv;
#ifndef pthread_create
  return ((int*)(&pthread_create))[argc];
#else
  (void)argc;
  return 0;
#endif
}

Determining if the function pthread_create exists in the pthreads failed with the following output:
Change Dir: /home/lspss95207/Ros-Projects/hcc_ws/build/CMakeFiles/CMakeTmp

Run Build Command:"/usr/bin/make" "cmTC_4378b/fast"
/usr/bin/make -f CMakeFiles/cmTC_4378b.dir/build.make CMakeFiles/cmTC_4378b.dir/build
make[1]: Entering directory '/home/lspss95207/Ros-Projects/hcc_ws/build/CMakeFiles/CMakeTmp'
Building C object CMakeFiles/cmTC_4378b.dir/CheckFunctionExists.c.o
/usr/bin/cc    -DCHECK_FUNCTION_EXISTS=pthread_create   -o CMakeFiles/cmTC_4378b.dir/CheckFunctionExists.c.o   -c /usr/share/cmake-3.7/Modules/CheckFunctionExists.c
Linking C executable cmTC_4378b
/usr/bin/cmake -E cmake_link_script CMakeFiles/cmTC_4378b.dir/link.txt --verbose=1
/usr/bin/cc   -DCHECK_FUNCTION_EXISTS=pthread_create    CMakeFiles/cmTC_4378b.dir/CheckFunctionExists.c.o  -o cmTC_4378b -rdynamic -lpthreads 
/usr/bin/ld: cannot find -lpthreads
collect2: error: ld returned 1 exit status
CMakeFiles/cmTC_4378b.dir/build.make:97: recipe for target 'cmTC_4378b' failed
make[1]: *** [cmTC_4378b] Error 1
make[1]: Leaving directory '/home/lspss95207/Ros-Projects/hcc_ws/build/CMakeFiles/CMakeTmp'
Makefile:126: recipe for target 'cmTC_4378b/fast' failed
make: *** [cmTC_4378b/fast] Error 2


